<?xml version="1.0" encoding="UTF-8"?>
<testng-results skipped="0" failed="2" ignored="0" total="2" passed="0">
  <reporter-output>
  </reporter-output>
  <suite name="Suite" duration-ms="108893" started-at="2022-10-13T14:57:15Z" finished-at="2022-10-13T14:59:04Z">
    <groups>
      <group name="smokeTest">
        <method signature="Vtigerrr.createOrganization()[pri:0, instance:comm.crm.Organization.Vtigerrr@548e7350]" name="createOrganization" class="comm.crm.Organization.Vtigerrr"/>
        <method signature="Product.deletproduct()[pri:0, instance:comm.crm.Product.Product@2f686d1f]" name="deletproduct" class="comm.crm.Product.Product"/>
      </group> <!-- smokeTest -->
    </groups>
    <test name="Testrunner1" duration-ms="74928" started-at="2022-10-13T14:57:15Z" finished-at="2022-10-13T14:58:30Z">
      <class name="comm.crm.Organization.Vtigerrr">
        <test-method status="PASS" signature="BT()[pri:0, instance:comm.crm.Organization.Vtigerrr@548e7350]" name="BT" is-config="true" duration-ms="9" started-at="2022-10-13T20:27:15Z" finished-at="2022-10-13T20:27:15Z">
          <reporter-output>
          </reporter-output>
        </test-method> <!-- BT -->
        <test-method status="PASS" signature="BC()[pri:0, instance:comm.crm.Organization.Vtigerrr@548e7350]" name="BC" is-config="true" duration-ms="11641" started-at="2022-10-13T20:27:15Z" finished-at="2022-10-13T20:27:27Z">
          <reporter-output>
          </reporter-output>
        </test-method> <!-- BC -->
        <test-method status="PASS" signature="BM()[pri:0, instance:comm.crm.Organization.Vtigerrr@548e7350]" name="BM" is-config="true" duration-ms="35335" started-at="2022-10-13T20:27:27Z" finished-at="2022-10-13T20:28:02Z">
          <reporter-output>
          </reporter-output>
        </test-method> <!-- BM -->
        <test-method status="FAIL" signature="createOrganization()[pri:0, instance:comm.crm.Organization.Vtigerrr@548e7350]" name="createOrganization" duration-ms="27878" started-at="2022-10-13T20:28:02Z" finished-at="2022-10-13T20:28:30Z">
          <exception class="java.lang.AssertionError">
            <message>
              <![CDATA[expected [false] but found [true]]]>
            </message>
            <full-stacktrace>
              <![CDATA[java.lang.AssertionError: expected [false] but found [true]
	at org.testng.Assert.fail(Assert.java:94)
	at org.testng.Assert.failNotEquals(Assert.java:513)
	at org.testng.Assert.assertEqualsImpl(Assert.java:135)
	at org.testng.Assert.assertEquals(Assert.java:116)
	at org.testng.Assert.assertEquals(Assert.java:305)
	at org.testng.Assert.assertEquals(Assert.java:315)
	at comm.crm.Organization.Vtigerrr.createOrganization(Vtigerrr.java:65)
	at sun.reflect.NativeMethodAccessorImpl.invoke0(Native Method)
	at sun.reflect.NativeMethodAccessorImpl.invoke(Unknown Source)
	at sun.reflect.DelegatingMethodAccessorImpl.invoke(Unknown Source)
	at java.lang.reflect.Method.invoke(Unknown Source)
	at org.testng.internal.MethodInvocationHelper.invokeMethod(MethodInvocationHelper.java:104)
	at org.testng.internal.Invoker.invokeMethod(Invoker.java:645)
	at org.testng.internal.Invoker.invokeTestMethod(Invoker.java:851)
	at org.testng.internal.Invoker.invokeTestMethods(Invoker.java:1177)
	at org.testng.internal.TestMethodWorker.invokeTestMethods(TestMethodWorker.java:129)
	at org.testng.internal.TestMethodWorker.run(TestMethodWorker.java:112)
	at org.testng.TestRunner.privateRun(TestRunner.java:756)
	at org.testng.TestRunner.run(TestRunner.java:610)
	at org.testng.SuiteRunner.runTest(SuiteRunner.java:387)
	at org.testng.SuiteRunner.access$000(SuiteRunner.java:39)
	at org.testng.SuiteRunner$SuiteWorker.run(SuiteRunner.java:421)
	at org.testng.internal.thread.ThreadUtil$2.call(ThreadUtil.java:64)
	at java.util.concurrent.FutureTask.run(Unknown Source)
	at java.util.concurrent.ThreadPoolExecutor.runWorker(Unknown Source)
	at java.util.concurrent.ThreadPoolExecutor$Worker.run(Unknown Source)
	at java.lang.Thread.run(Unknown Source)
]]>
            </full-stacktrace>
          </exception> <!-- java.lang.AssertionError -->
          <reporter-output>
          </reporter-output>
        </test-method> <!-- createOrganization -->
        <test-method status="PASS" signature="AM()[pri:0, instance:comm.crm.Organization.Vtigerrr@548e7350]" name="AM" is-config="true" duration-ms="0" started-at="2022-10-13T20:28:30Z" finished-at="2022-10-13T20:28:30Z">
          <reporter-output>
          </reporter-output>
        </test-method> <!-- AM -->
        <test-method status="PASS" signature="AC()[pri:0, instance:comm.crm.Organization.Vtigerrr@548e7350]" name="AC" is-config="true" duration-ms="1" started-at="2022-10-13T20:28:30Z" finished-at="2022-10-13T20:28:30Z">
          <reporter-output>
          </reporter-output>
        </test-method> <!-- AC -->
        <test-method status="PASS" signature="AT()[pri:0, instance:comm.crm.Organization.Vtigerrr@548e7350]" name="AT" is-config="true" duration-ms="0" started-at="2022-10-13T20:28:30Z" finished-at="2022-10-13T20:28:30Z">
          <reporter-output>
          </reporter-output>
        </test-method> <!-- AT -->
      </class> <!-- comm.crm.Organization.Vtigerrr -->
    </test> <!-- Testrunner1 -->
    <test name="Testrunner2" duration-ms="108893" started-at="2022-10-13T14:57:15Z" finished-at="2022-10-13T14:59:04Z">
      <class name="comm.crm.Product.Product">
        <test-method status="PASS" signature="BS()[pri:0, instance:comm.crm.Product.Product@2f686d1f]" name="BS" is-config="true" duration-ms="48" started-at="2022-10-13T20:27:15Z" finished-at="2022-10-13T20:27:15Z">
          <reporter-output>
          </reporter-output>
        </test-method> <!-- BS -->
        <test-method status="PASS" signature="BT()[pri:0, instance:comm.crm.Product.Product@2f686d1f]" name="BT" is-config="true" duration-ms="2" started-at="2022-10-13T20:27:15Z" finished-at="2022-10-13T20:27:15Z">
          <reporter-output>
          </reporter-output>
        </test-method> <!-- BT -->
        <test-method status="PASS" signature="BC()[pri:0, instance:comm.crm.Product.Product@2f686d1f]" name="BC" is-config="true" duration-ms="11639" started-at="2022-10-13T20:27:15Z" finished-at="2022-10-13T20:27:27Z">
          <reporter-output>
          </reporter-output>
        </test-method> <!-- BC -->
        <test-method status="PASS" signature="BM()[pri:0, instance:comm.crm.Product.Product@2f686d1f]" name="BM" is-config="true" duration-ms="47634" started-at="2022-10-13T20:27:27Z" finished-at="2022-10-13T20:28:14Z">
          <reporter-output>
          </reporter-output>
        </test-method> <!-- BM -->
        <test-method status="FAIL" signature="deletproduct()[pri:0, instance:comm.crm.Product.Product@2f686d1f]" name="deletproduct" duration-ms="49529" started-at="2022-10-13T20:28:14Z" finished-at="2022-10-13T20:29:04Z">
          <exception class="org.openqa.selenium.ElementNotInteractableException">
            <message>
              <![CDATA[element not interactable
  (Session info: chrome=106.0.5249.103)
Build info: version: '3.141.59', revision: 'e82be7d358', time: '2018-11-14T08:25:53'
System info: host: 'HP', ip: '192.168.0.135', os.name: 'Windows 8.1', os.arch: 'amd64', os.version: '6.3', java.version: '1.8.0_291'
Driver info: org.openqa.selenium.chrome.ChromeDriver
Capabilities {acceptInsecureCerts: false, browserName: chrome, browserVersion: 106.0.5249.103, chrome: {chromedriverVersion: 105.0.5195.52 (412c95e51883..., userDataDir: C:\Users\HPUSER~1\AppData\L...}, goog:chromeOptions: {debuggerAddress: localhost:49321}, javascriptEnabled: true, networkConnectionEnabled: false, pageLoadStrategy: normal, platform: WINDOWS, platformName: WINDOWS, proxy: Proxy(), setWindowRect: true, strictFileInteractability: false, timeouts: {implicit: 0, pageLoad: 300000, script: 30000}, unhandledPromptBehavior: dismiss and notify, webauthn:extension:credBlob: true, webauthn:extension:largeBlob: true, webauthn:virtualAuthenticators: true}
Session ID: c3322be671ff777590649dc7b804513f]]>
            </message>
            <full-stacktrace>
              <![CDATA[org.openqa.selenium.ElementNotInteractableException: element not interactable
  (Session info: chrome=106.0.5249.103)
Build info: version: '3.141.59', revision: 'e82be7d358', time: '2018-11-14T08:25:53'
System info: host: 'HP', ip: '192.168.0.135', os.name: 'Windows 8.1', os.arch: 'amd64', os.version: '6.3', java.version: '1.8.0_291'
Driver info: org.openqa.selenium.chrome.ChromeDriver
Capabilities {acceptInsecureCerts: false, browserName: chrome, browserVersion: 106.0.5249.103, chrome: {chromedriverVersion: 105.0.5195.52 (412c95e51883..., userDataDir: C:\Users\HPUSER~1\AppData\L...}, goog:chromeOptions: {debuggerAddress: localhost:49321}, javascriptEnabled: true, networkConnectionEnabled: false, pageLoadStrategy: normal, platform: WINDOWS, platformName: WINDOWS, proxy: Proxy(), setWindowRect: true, strictFileInteractability: false, timeouts: {implicit: 0, pageLoad: 300000, script: 30000}, unhandledPromptBehavior: dismiss and notify, webauthn:extension:credBlob: true, webauthn:extension:largeBlob: true, webauthn:virtualAuthenticators: true}
Session ID: c3322be671ff777590649dc7b804513f
	at sun.reflect.NativeConstructorAccessorImpl.newInstance0(Native Method)
	at sun.reflect.NativeConstructorAccessorImpl.newInstance(Unknown Source)
	at sun.reflect.DelegatingConstructorAccessorImpl.newInstance(Unknown Source)
	at java.lang.reflect.Constructor.newInstance(Unknown Source)
	at org.openqa.selenium.remote.http.W3CHttpResponseCodec.createException(W3CHttpResponseCodec.java:187)
	at org.openqa.selenium.remote.http.W3CHttpResponseCodec.decode(W3CHttpResponseCodec.java:122)
	at org.openqa.selenium.remote.http.W3CHttpResponseCodec.decode(W3CHttpResponseCodec.java:49)
	at org.openqa.selenium.remote.HttpCommandExecutor.execute(HttpCommandExecutor.java:158)
	at org.openqa.selenium.remote.service.DriverCommandExecutor.execute(DriverCommandExecutor.java:83)
	at org.openqa.selenium.remote.RemoteWebDriver.execute(RemoteWebDriver.java:552)
	at org.openqa.selenium.remote.RemoteWebElement.execute(RemoteWebElement.java:285)
	at org.openqa.selenium.remote.RemoteWebElement.click(RemoteWebElement.java:84)
	at sun.reflect.NativeMethodAccessorImpl.invoke0(Native Method)
	at sun.reflect.NativeMethodAccessorImpl.invoke(Unknown Source)
	at sun.reflect.DelegatingMethodAccessorImpl.invoke(Unknown Source)
	at java.lang.reflect.Method.invoke(Unknown Source)
	at org.openqa.selenium.support.pagefactory.internal.LocatingElementHandler.invoke(LocatingElementHandler.java:51)
	at com.sun.proxy.$Proxy15.click(Unknown Source)
	at comm.crm.Product.Product.deletproduct(Product.java:108)
	at sun.reflect.NativeMethodAccessorImpl.invoke0(Native Method)
	at sun.reflect.NativeMethodAccessorImpl.invoke(Unknown Source)
	at sun.reflect.DelegatingMethodAccessorImpl.invoke(Unknown Source)
	at java.lang.reflect.Method.invoke(Unknown Source)
	at org.testng.internal.MethodInvocationHelper.invokeMethod(MethodInvocationHelper.java:104)
	at org.testng.internal.Invoker.invokeMethod(Invoker.java:645)
	at org.testng.internal.Invoker.invokeTestMethod(Invoker.java:851)
	at org.testng.internal.Invoker.invokeTestMethods(Invoker.java:1177)
	at org.testng.internal.TestMethodWorker.invokeTestMethods(TestMethodWorker.java:129)
	at org.testng.internal.TestMethodWorker.run(TestMethodWorker.java:112)
	at org.testng.TestRunner.privateRun(TestRunner.java:756)
	at org.testng.TestRunner.run(TestRunner.java:610)
	at org.testng.SuiteRunner.runTest(SuiteRunner.java:387)
	at org.testng.SuiteRunner.access$000(SuiteRunner.java:39)
	at org.testng.SuiteRunner$SuiteWorker.run(SuiteRunner.java:421)
	at org.testng.internal.thread.ThreadUtil$2.call(ThreadUtil.java:64)
	at java.util.concurrent.FutureTask.run(Unknown Source)
	at java.util.concurrent.ThreadPoolExecutor.runWorker(Unknown Source)
	at java.util.concurrent.ThreadPoolExecutor$Worker.run(Unknown Source)
	at java.lang.Thread.run(Unknown Source)
]]>
            </full-stacktrace>
          </exception> <!-- org.openqa.selenium.ElementNotInteractableException -->
          <reporter-output>
          </reporter-output>
        </test-method> <!-- deletproduct -->
        <test-method status="PASS" signature="AM()[pri:0, instance:comm.crm.Product.Product@2f686d1f]" name="AM" is-config="true" duration-ms="2" started-at="2022-10-13T20:29:04Z" finished-at="2022-10-13T20:29:04Z">
          <reporter-output>
          </reporter-output>
        </test-method> <!-- AM -->
        <test-method status="PASS" signature="AC()[pri:0, instance:comm.crm.Product.Product@2f686d1f]" name="AC" is-config="true" duration-ms="1" started-at="2022-10-13T20:29:04Z" finished-at="2022-10-13T20:29:04Z">
          <reporter-output>
          </reporter-output>
        </test-method> <!-- AC -->
        <test-method status="PASS" signature="AT()[pri:0, instance:comm.crm.Product.Product@2f686d1f]" name="AT" is-config="true" duration-ms="2" started-at="2022-10-13T20:29:04Z" finished-at="2022-10-13T20:29:04Z">
          <reporter-output>
          </reporter-output>
        </test-method> <!-- AT -->
        <test-method status="PASS" signature="AS()[pri:0, instance:comm.crm.Product.Product@2f686d1f]" name="AS" is-config="true" duration-ms="1" started-at="2022-10-13T20:29:04Z" finished-at="2022-10-13T20:29:04Z">
          <reporter-output>
          </reporter-output>
        </test-method> <!-- AS -->
      </class> <!-- comm.crm.Product.Product -->
    </test> <!-- Testrunner2 -->
  </suite> <!-- Suite -->
</testng-results>
