<?xml version="1.0" encoding="UTF-8"?>
<!-- Generated by org.testng.reporters.JUnitXMLReporter -->
<testsuite hostname="hp" ignored="0" name="Test" tests="2" failures="0" timestamp="06 Oct 2022 16:35:28 GMT" time="6.921" errors="0">
  <testcase name="@BeforeClass BC" time="0.0" classname="com.Generic_utility.BaseClass">
    <failure type="org.openqa.selenium.SessionNotCreatedException" message="session not created: This version of ChromeDriver only supports Chrome version 106
Current browser version is 105.0.5195.127 with binary path C:\Users\hp user\AppData\Local\Google\Chrome\Application\chrome.exe
Build info: version: &amp;apos;3.141.59&amp;apos;, revision: &amp;apos;e82be7d358&amp;apos;, time: &amp;apos;2018-11-14T08:25:53&amp;apos;
System info: host: &amp;apos;HP&amp;apos;, ip: &amp;apos;192.168.0.117&amp;apos;, os.name: &amp;apos;Windows 8.1&amp;apos;, os.arch: &amp;apos;amd64&amp;apos;, os.version: &amp;apos;6.3&amp;apos;, java.version: &amp;apos;1.8.0_291&amp;apos;
Driver info: driver.version: ChromeDriver
remote stacktrace: Backtrace:
	Ordinal0 [0x00441ED3+2236115]
	Ordinal0 [0x003D92F1+1807089]
	Ordinal0 [0x002E66FD+812797]
	Ordinal0 [0x00308C6D+953453]
	Ordinal0 [0x00304200+934400]
	Ordinal0 [0x003019C9+924105]
	Ordinal0 [0x0033806C+1146988]
	Ordinal0 [0x00337A6A+1145450]
	Ordinal0 [0x003318A6+1120422]
	Ordinal0 [0x0030A73D+960317]
	Ordinal0 [0x0030B71F+964383]
	GetHandleVerifier [0x006EE7E2+2743074]
	GetHandleVerifier [0x006E08D4+2685972]
	GetHandleVerifier [0x004D2BAA+532202]
	GetHandleVerifier [0x004D1990+527568]
	Ordinal0 [0x003E080C+1837068]
	Ordinal0 [0x003E4CD8+1854680]
	Ordinal0 [0x003E4DC5+1854917]
	Ordinal0 [0x003EED64+1895780]
	BaseThreadInitThunk [0x7661A534+14]
	RtlInitializeExceptionChain [0x77068F8B+132]
	RtlInitializeExceptionChain [0x77068F61+90]
">
      <![CDATA[org.openqa.selenium.SessionNotCreatedException: session not created: This version of ChromeDriver only supports Chrome version 106
Current browser version is 105.0.5195.127 with binary path C:\Users\hp user\AppData\Local\Google\Chrome\Application\chrome.exe
Build info: version: '3.141.59', revision: 'e82be7d358', time: '2018-11-14T08:25:53'
System info: host: 'HP', ip: '192.168.0.117', os.name: 'Windows 8.1', os.arch: 'amd64', os.version: '6.3', java.version: '1.8.0_291'
Driver info: driver.version: ChromeDriver
remote stacktrace: Backtrace:
	Ordinal0 [0x00441ED3+2236115]
	Ordinal0 [0x003D92F1+1807089]
	Ordinal0 [0x002E66FD+812797]
	Ordinal0 [0x00308C6D+953453]
	Ordinal0 [0x00304200+934400]
	Ordinal0 [0x003019C9+924105]
	Ordinal0 [0x0033806C+1146988]
	Ordinal0 [0x00337A6A+1145450]
	Ordinal0 [0x003318A6+1120422]
	Ordinal0 [0x0030A73D+960317]
	Ordinal0 [0x0030B71F+964383]
	GetHandleVerifier [0x006EE7E2+2743074]
	GetHandleVerifier [0x006E08D4+2685972]
	GetHandleVerifier [0x004D2BAA+532202]
	GetHandleVerifier [0x004D1990+527568]
	Ordinal0 [0x003E080C+1837068]
	Ordinal0 [0x003E4CD8+1854680]
	Ordinal0 [0x003E4DC5+1854917]
	Ordinal0 [0x003EED64+1895780]
	BaseThreadInitThunk [0x7661A534+14]
	RtlInitializeExceptionChain [0x77068F8B+132]
	RtlInitializeExceptionChain [0x77068F61+90]

	at org.openqa.selenium.remote.W3CHandshakeResponse.lambda$errorHandler$0(W3CHandshakeResponse.java:62)
	at org.openqa.selenium.remote.HandshakeResponse.lambda$getResponseFunction$0(HandshakeResponse.java:30)
	at org.openqa.selenium.remote.ProtocolHandshake.lambda$createSession$0(ProtocolHandshake.java:126)
	at java.util.stream.ReferencePipeline$3$1.accept(Unknown Source)
	at java.util.Spliterators$ArraySpliterator.tryAdvance(Unknown Source)
	at java.util.stream.ReferencePipeline.forEachWithCancel(Unknown Source)
	at java.util.stream.AbstractPipeline.copyIntoWithCancel(Unknown Source)
	at java.util.stream.AbstractPipeline.copyInto(Unknown Source)
	at java.util.stream.AbstractPipeline.wrapAndCopyInto(Unknown Source)
	at java.util.stream.FindOps$FindOp.evaluateSequential(Unknown Source)
	at java.util.stream.AbstractPipeline.evaluate(Unknown Source)
	at java.util.stream.ReferencePipeline.findFirst(Unknown Source)
	at org.openqa.selenium.remote.ProtocolHandshake.createSession(ProtocolHandshake.java:128)
	at org.openqa.selenium.remote.ProtocolHandshake.createSession(ProtocolHandshake.java:74)
	at org.openqa.selenium.remote.HttpCommandExecutor.execute(HttpCommandExecutor.java:136)
	at org.openqa.selenium.remote.service.DriverCommandExecutor.execute(DriverCommandExecutor.java:83)
	at org.openqa.selenium.remote.RemoteWebDriver.execute(RemoteWebDriver.java:552)
	at org.openqa.selenium.remote.RemoteWebDriver.startSession(RemoteWebDriver.java:213)
	at org.openqa.selenium.remote.RemoteWebDriver.<init>(RemoteWebDriver.java:131)
	at org.openqa.selenium.chrome.ChromeDriver.<init>(ChromeDriver.java:181)
	at org.openqa.selenium.chrome.ChromeDriver.<init>(ChromeDriver.java:168)
	at org.openqa.selenium.chrome.ChromeDriver.<init>(ChromeDriver.java:123)
	at com.Generic_utility.BaseClass.BC(BaseClass.java:50)
	at java.util.concurrent.FutureTask.run(Unknown Source)
	at java.util.concurrent.ThreadPoolExecutor.runWorker(Unknown Source)
	at java.util.concurrent.ThreadPoolExecutor$Worker.run(Unknown Source)
	at java.lang.Thread.run(Unknown Source)
... Removed 20 stack frames]]>
    </failure>
  </testcase> <!-- @BeforeClass BC -->
  <testcase name="@BeforeMethod BM" time="0.0" classname="com.Generic_utility.BaseClass">
    <skipped/>
  </testcase> <!-- @BeforeMethod BM -->
  <testcase name="@AfterMethod AM" time="0.0" classname="com.Generic_utility.BaseClass">
    <skipped/>
  </testcase> <!-- @AfterMethod AM -->
  <testcase name="@BeforeMethod BM" time="0.0" classname="com.Generic_utility.BaseClass">
    <skipped/>
  </testcase> <!-- @BeforeMethod BM -->
  <testcase name="@AfterMethod AM" time="0.0" classname="com.Generic_utility.BaseClass">
    <skipped/>
  </testcase> <!-- @AfterMethod AM -->
  <testcase name="@AfterClass AC" time="0.0" classname="com.Generic_utility.BaseClass">
    <skipped/>
  </testcase> <!-- @AfterClass AC -->
  <testcase name="@AfterTest AT" time="0.0" classname="com.Generic_utility.BaseClass">
    <skipped/>
  </testcase> <!-- @AfterTest AT -->
  <testcase name="createCampaign" time="0.0" classname="comm.crm.Campaign.Campaign">
    <skipped/>
  </testcase> <!-- createCampaign -->
  <testcase name="modifyOrg" time="0.0" classname="comm.crm.Campaign.Campaign">
    <skipped/>
  </testcase> <!-- modifyOrg -->
</testsuite> <!-- Test -->
